#
# There is insufficient memory for the Java Runtime Environment to continue.
# Native memory allocation (mmap) failed to map 130023424 bytes for Failed to commit area from 0x0000000085c00000 to 0x000000008d800000 of length 130023424.
# Possible reasons:
#   The system is out of physical RAM or swap space
#   The process is running with CompressedOops enabled, and the Java Heap may be blocking the growth of the native heap
# Possible solutions:
#   Reduce memory load on the system
#   Increase physical memory or swap space
#   Check if swap backing store is full
#   Decrease Java heap size (-Xmx/-Xms)
#   Decrease number of Java threads
#   Decrease Java thread stack sizes (-Xss)
#   Set larger code cache with -XX:ReservedCodeCacheSize=
#   JVM is running with Unscaled Compressed Oops mode in which the Java heap is
#     placed in the first 4GB address space. The Java Heap base address is the
#     maximum limit for the native heap growth. Please use -XX:HeapBaseMinAddress
#     to set the Java Heap base and to place the Java Heap above 4GB virtual address.
# This output file may be truncated or incomplete.
#
#  Out of Memory Error (./open/src/hotspot/os/windows/os_windows.cpp:3315), pid=13420, tid=6756
#
# JRE version:  (14.0.1+7) (build )
# Java VM: OpenJDK 64-Bit Server VM (14.0.1+7, mixed mode, sharing, tiered, compressed oops, g1 gc, windows-amd64)
# No core dump will be written. Minidumps are not enabled by default on client versions of Windows
#

---------------  S U M M A R Y ------------

Command Line: -Dmaven.multiModuleProjectDirectory=C:\Users\Inmetrics\Documents\Estudos\poc-java-selenium -Dmaven.home=C:\Program Files\JetBrains\IntelliJ IDEA 2020.1.2\plugins\maven\lib\maven3 -Dclassworlds.conf=C:\Program Files\JetBrains\IntelliJ IDEA 2020.1.2\plugins\maven\lib\maven3\bin\m2.conf -Dmaven.ext.class.path=C:\Program Files\JetBrains\IntelliJ IDEA 2020.1.2\plugins\maven\lib\maven-event-listener.jar -javaagent:C:\Program Files\JetBrains\IntelliJ IDEA 2020.1.2\lib\idea_rt.jar=64732:C:\Program Files\JetBrains\IntelliJ IDEA 2020.1.2\bin -Dfile.encoding=UTF-8 org.codehaus.classworlds.Launcher -Didea.version2020.1.2 clean install

Host: Intel(R) Core(TM) i5-7300U CPU @ 2.60GHz, 4 cores, 7G,  Windows 10 , 64 bit Build 17763 (10.0.17763.1158)
Time: Wed Jun  3 21:45:14 2020 Hora oficial do Brasil elapsed time: 0 seconds (0d 0h 0m 0s)

---------------  T H R E A D  ---------------

Current thread (0x000001398df9e000):  JavaThread "Unknown thread" [_thread_in_vm, id=6756, stack(0x0000002116a00000,0x0000002116b00000)]

Stack: [0x0000002116a00000,0x0000002116b00000]
Native frames: (J=compiled Java code, j=interpreted, Vv=VM code, C=native code)
V  [jvm.dll+0x5f840a]
V  [jvm.dll+0x741e4a]
V  [jvm.dll+0x7435ff]
V  [jvm.dll+0x743c43]
V  [jvm.dll+0x20d288]
V  [jvm.dll+0x5f57ba]
V  [jvm.dll+0x5ea615]
V  [jvm.dll+0x2c7e9c]
V  [jvm.dll+0x2c7cd2]
V  [jvm.dll+0x2cdbbc]
V  [jvm.dll+0x313ff8]
V  [jvm.dll+0x313720]
V  [jvm.dll+0x2a092a]
V  [jvm.dll+0x2a1a79]
V  [jvm.dll+0x71f718]
V  [jvm.dll+0x321c44]
V  [jvm.dll+0x700b0c]
V  [jvm.dll+0x392dff]
V  [jvm.dll+0x394e71]
C  [jli.dll+0x523b]
C  [ucrtbase.dll+0x21ffa]
C  [KERNEL32.DLL+0x17974]
C  [ntdll.dll+0x6a271]


---------------  P R O C E S S  ---------------

Threads class SMR info:
_java_thread_list=0x00007fff5b6b3078, length=0, elements={
}

Java Threads: ( => current thread )

Other Threads:
  0x000001398dfdd800 GCTaskThread "GC Thread#0" [stack: 0x0000002116b00000,0x0000002116c00000] [id=9948]
  0x000001398dfef800 ConcurrentGCThread "G1 Main Marker" [stack: 0x0000002116c00000,0x0000002116d00000] [id=9884]
  0x000001398dff2800 ConcurrentGCThread "G1 Conc#0" [stack: 0x0000002116d00000,0x0000002116e00000] [id=13304]

[error occurred during error reporting (printing all threads), id 0xc0000005, EXCEPTION_ACCESS_VIOLATION (0xc0000005) at pc=0x00007fff5aee1257]

VM state:not at safepoint (not fully initialized)

VM Mutex/Monitor currently owned by a thread:  ([mutex/lock_event])
[0x000001398df99fe0] Heap_lock - owner thread: 0x000001398df9e000

Heap address: 0x0000000085c00000, size: 1956 MB, Compressed Oops mode: 32-bit
Narrow klass base: 0x0000000000000000, Narrow klass shift: 0

GC Heap History (0 events):
No events

Deoptimization events (0 events):
No events

Classes unloaded (0 events):
No events

Classes redefined (0 events):
No events

Internal exceptions (0 events):
No events

Events (2 events):
Event: 0.024 Loaded shared library C:\Users\Inmetrics\.jdks\openjdk-14.0.1\bin\java.dll
Event: 0.024 Loaded shared library C:\Users\Inmetrics\.jdks\openjdk-14.0.1\bin\zip.dll


Dynamic libraries:
0x00007ff74a2f0000 - 0x00007ff74a2fd000 	C:\Users\Inmetrics\.jdks\openjdk-14.0.1\bin\java.exe
0x00007fff92d30000 - 0x00007fff92f1d000 	C:\WINDOWS\SYSTEM32\ntdll.dll
0x00007fff92ab0000 - 0x00007fff92b63000 	C:\WINDOWS\System32\KERNEL32.DLL
0x00007fff8f4b0000 - 0x00007fff8f745000 	C:\WINDOWS\System32\KERNELBASE.dll
0x00007fff8f2b0000 - 0x00007fff8f3aa000 	C:\WINDOWS\System32\ucrtbase.dll
0x00007fff8b200000 - 0x00007fff8b215000 	C:\Users\Inmetrics\.jdks\openjdk-14.0.1\bin\VCRUNTIME140.dll
0x00007fff88fb0000 - 0x00007fff88fc8000 	C:\Users\Inmetrics\.jdks\openjdk-14.0.1\bin\jli.dll
0x00007fff8ff90000 - 0x00007fff90127000 	C:\WINDOWS\System32\USER32.dll
0x00007fff7e620000 - 0x00007fff7e899000 	C:\WINDOWS\WinSxS\amd64_microsoft.windows.common-controls_6595b64144ccf1df_6.0.17763.1158_none_de722d88534a897f\COMCTL32.dll
0x00007fff92010000 - 0x00007fff920ae000 	C:\WINDOWS\System32\msvcrt.dll
0x00007fff91630000 - 0x00007fff9195c000 	C:\WINDOWS\System32\combase.dll
0x00007fff92720000 - 0x00007fff92842000 	C:\WINDOWS\System32\RPCRT4.dll
0x00007fff8fea0000 - 0x00007fff8ff1e000 	C:\WINDOWS\System32\bcryptPrimitives.dll
0x00007fff91960000 - 0x00007fff91989000 	C:\WINDOWS\System32\GDI32.dll
0x00007fff8f140000 - 0x00007fff8f160000 	C:\WINDOWS\System32\win32u.dll
0x00007fff8edc0000 - 0x00007fff8ef59000 	C:\WINDOWS\System32\gdi32full.dll
0x00007fff8f1b0000 - 0x00007fff8f250000 	C:\WINDOWS\System32\msvcp_win.dll
0x00007fff92600000 - 0x00007fff9262e000 	C:\WINDOWS\System32\IMM32.DLL
0x00007fff83470000 - 0x00007fff8350b000 	C:\Users\Inmetrics\.jdks\openjdk-14.0.1\bin\msvcp140.dll
0x00007fff5ac30000 - 0x00007fff5b74e000 	C:\Users\Inmetrics\.jdks\openjdk-14.0.1\bin\server\jvm.dll
0x00007fff923e0000 - 0x00007fff92483000 	C:\WINDOWS\System32\ADVAPI32.dll
0x00007fff92340000 - 0x00007fff923de000 	C:\WINDOWS\System32\sechost.dll
0x00007fff92710000 - 0x00007fff92718000 	C:\WINDOWS\System32\PSAPI.DLL
0x00007fff7b820000 - 0x00007fff7b829000 	C:\WINDOWS\SYSTEM32\WSOCK32.dll
0x00007fff92850000 - 0x00007fff928bd000 	C:\WINDOWS\System32\WS2_32.dll
0x00007fff8ca80000 - 0x00007fff8caa4000 	C:\WINDOWS\SYSTEM32\WINMM.dll
0x00007fff8a7d0000 - 0x00007fff8a7da000 	C:\WINDOWS\SYSTEM32\VERSION.dll
0x00007fff8ca50000 - 0x00007fff8ca7d000 	C:\WINDOWS\SYSTEM32\WINMMBASE.dll
0x00007fff8f160000 - 0x00007fff8f1aa000 	C:\WINDOWS\System32\cfgmgr32.dll
0x00007fff8eda0000 - 0x00007fff8edb1000 	C:\WINDOWS\System32\kernel.appcore.dll
0x00007fff8c3a0000 - 0x00007fff8c3aa000 	C:\Users\Inmetrics\.jdks\openjdk-14.0.1\bin\jimage.dll
0x00007fff8d680000 - 0x00007fff8d86d000 	C:\WINDOWS\SYSTEM32\DBGHELP.DLL
0x00007fff79150000 - 0x00007fff7917a000 	C:\WINDOWS\SYSTEM32\dbgcore.DLL
0x00007fff87840000 - 0x00007fff8784e000 	C:\Users\Inmetrics\.jdks\openjdk-14.0.1\bin\instrument.dll
0x00007fff877a0000 - 0x00007fff877c5000 	C:\Users\Inmetrics\.jdks\openjdk-14.0.1\bin\java.dll
0x00007fff88f90000 - 0x00007fff88fa6000 	C:\Users\Inmetrics\.jdks\openjdk-14.0.1\bin\zip.dll

dbghelp: loaded successfully - version: 4.0.5 - missing functions: none
symbol engine: initialized successfully - sym options: 0x614 - pdb path: .;C:\Users\Inmetrics\.jdks\openjdk-14.0.1\bin;C:\WINDOWS\SYSTEM32;C:\WINDOWS\WinSxS\amd64_microsoft.windows.common-controls_6595b64144ccf1df_6.0.17763.1158_none_de722d88534a897f;C:\Users\Inmetrics\.jdks\openjdk-14.0.1\bin\server

VM Arguments:
jvm_args: -Dmaven.multiModuleProjectDirectory=C:\Users\Inmetrics\Documents\Estudos\poc-java-selenium -Dmaven.home=C:\Program Files\JetBrains\IntelliJ IDEA 2020.1.2\plugins\maven\lib\maven3 -Dclassworlds.conf=C:\Program Files\JetBrains\IntelliJ IDEA 2020.1.2\plugins\maven\lib\maven3\bin\m2.conf -Dmaven.ext.class.path=C:\Program Files\JetBrains\IntelliJ IDEA 2020.1.2\plugins\maven\lib\maven-event-listener.jar -javaagent:C:\Program Files\JetBrains\IntelliJ IDEA 2020.1.2\lib\idea_rt.jar=64732:C:\Program Files\JetBrains\IntelliJ IDEA 2020.1.2\bin -Dfile.encoding=UTF-8 
java_command: org.codehaus.classworlds.Launcher -Didea.version2020.1.2 clean install
java_class_path (initial): C:\Program Files\JetBrains\IntelliJ IDEA 2020.1.2\plugins\maven\lib\maven3\boot\plexus-classworlds-2.6.0.jar;C:\Program Files\JetBrains\IntelliJ IDEA 2020.1.2\plugins\maven\lib\maven3\boot\plexus-classworlds.license
Launcher Type: SUN_STANDARD

[Global flags]
     intx CICompilerCount                          = 3                                         {product} {ergonomic}
     uint ConcGCThreads                            = 1                                         {product} {ergonomic}
     uint G1ConcRefinementThreads                  = 4                                         {product} {ergonomic}
   size_t G1HeapRegionSize                         = 1048576                                   {product} {ergonomic}
    uintx GCDrainStackTargetSize                   = 64                                        {product} {ergonomic}
   size_t InitialHeapSize                          = 130023424                                 {product} {ergonomic}
   size_t MarkStackSize                            = 4194304                                   {product} {ergonomic}
   size_t MaxHeapSize                              = 2051014656                                {product} {ergonomic}
   size_t MinHeapDeltaBytes                        = 1048576                                   {product} {ergonomic}
   size_t MinHeapSize                              = 8388608                                   {product} {ergonomic}
    uintx NonNMethodCodeHeapSize                   = 5832780                                {pd product} {ergonomic}
    uintx NonProfiledCodeHeapSize                  = 122912730                              {pd product} {ergonomic}
    uintx ProfiledCodeHeapSize                     = 122912730                              {pd product} {ergonomic}
    uintx ReservedCodeCacheSize                    = 251658240                              {pd product} {ergonomic}
     bool SegmentedCodeCache                       = true                                      {product} {ergonomic}
   size_t SoftMaxHeapSize                          = 2051014656                             {manageable} {ergonomic}
     bool UseCompressedClassPointers               = true                                 {lp64_product} {ergonomic}
     bool UseCompressedOops                        = true                                 {lp64_product} {ergonomic}
     bool UseG1GC                                  = true                                      {product} {ergonomic}
     bool UseLargePagesIndividualAllocation        = false                                  {pd product} {ergonomic}

Logging:
Log output configuration:
 #0: stdout all=warning uptime,level,tags
 #1: stderr all=off uptime,level,tags

Environment Variables:
PATH=C:\Program Files (x86)\Google\Chrome\Application;C:\Program Files (x86)\Common Files\Oracle\Java\javapath;C:\ProgramData\Oracle\Java\javapath;C:\WINDOWS\system32;C:\WINDOWS;C:\WINDOWS\System32\Wbem;C:\WINDOWS\System32\WindowsPowerShell\v1.0\;C:\WINDOWS\System32\OpenSSH\;C:\Users\Inmetrics\Documents\Drivers_Navegadores;C:\Program Files\dotnet\;C:\Program Files\Microsoft SQL Server\130\Tools\Binn\;C:\Program Files\Git\cmd;C:\Program Files (x86)\Intel\Intel(R) Management Engine Components\DAL;C:\Program Files\Intel\Intel(R) Management Engine Components\DAL;C:\Ruby26-x64\bin;C:\Users\Inmetrics\AppData\Local\Microsoft\WindowsApps;C:\Program Files (x86)\Sophos\Sophos SSL VPN Client\bin;C:\Tools\Cmder\vendor\git-for-windows\bin;C:\Tools\Cmder\vendor\git-for-windows\usr\bin;C:\Users\Inmetrics\AppData\Local\Programs\Microsoft VS Code\bin
USERNAME=Inmetrics
OS=Windows_NT
PROCESSOR_IDENTIFIER=Intel64 Family 6 Model 142 Stepping 9, GenuineIntel



---------------  S Y S T E M  ---------------

OS: Windows 10 , 64 bit Build 17763 (10.0.17763.1158)
OS uptime: 12 days 12:58 hours

CPU:total 4 (initial active 4) (2 cores per cpu, 2 threads per core) family 6 model 142 stepping 9, cmov, cx8, fxsr, mmx, sse, sse2, sse3, ssse3, sse4.1, sse4.2, popcnt, avx, avx2, aes, clmul, erms, rtm, 3dnowpref, lzcnt, ht, tsc, tscinvbit, bmi1, bmi2, adx, fma

Memory: 4k page, system-wide physical 7819M (859M free)
TotalPageFile size 7819M (AvailPageFile size 6M)
current process WorkingSet (physical memory assigned to process): 10M, peak: 10M
current process commit charge ("private bytes"): 52M, peak: 176M

vm_info: OpenJDK 64-Bit Server VM (14.0.1+7) for windows-amd64 JRE (14.0.1+7), built on Mar  5 2020 10:30:04 by "mach5one" with MS VC++ 15.9 (VS2017)

END.
