#
# There is insufficient memory for the Java Runtime Environment to continue.
# Native memory allocation (malloc) failed to allocate 32744 bytes for ChunkPool::allocate
# Possible reasons:
#   The system is out of physical RAM or swap space
#   The process is running with CompressedOops enabled, and the Java Heap may be blocking the growth of the native heap
# Possible solutions:
#   Reduce memory load on the system
#   Increase physical memory or swap space
#   Check if swap backing store is full
#   Decrease Java heap size (-Xmx/-Xms)
#   Decrease number of Java threads
#   Decrease Java thread stack sizes (-Xss)
#   Set larger code cache with -XX:ReservedCodeCacheSize=
#   JVM is running with Unscaled Compressed Oops mode in which the Java heap is
#     placed in the first 4GB address space. The Java Heap base address is the
#     maximum limit for the native heap growth. Please use -XX:HeapBaseMinAddress
#     to set the Java Heap base and to place the Java Heap above 4GB virtual address.
# This output file may be truncated or incomplete.
#
#  Out of Memory Error (./open/src/hotspot/share/memory/arena.cpp:79), pid=18556, tid=9812
#
# JRE version: OpenJDK Runtime Environment (14.0.1+7) (build 14.0.1+7)
# Java VM: OpenJDK 64-Bit Server VM (14.0.1+7, mixed mode, sharing, tiered, compressed oops, g1 gc, windows-amd64)
# No core dump will be written. Minidumps are not enabled by default on client versions of Windows
#

---------------  S U M M A R Y ------------

Command Line: -Dmaven.multiModuleProjectDirectory=C:\Users\Inmetrics\Documents\Estudos\poc-java-selenium -Dmaven.home=C:\Program Files\JetBrains\IntelliJ IDEA 2020.1.2\plugins\maven\lib\maven3 -Dclassworlds.conf=C:\Program Files\JetBrains\IntelliJ IDEA 2020.1.2\plugins\maven\lib\maven3\bin\m2.conf -Dmaven.ext.class.path=C:\Program Files\JetBrains\IntelliJ IDEA 2020.1.2\plugins\maven\lib\maven-event-listener.jar -javaagent:C:\Program Files\JetBrains\IntelliJ IDEA 2020.1.2\lib\idea_rt.jar=52437:C:\Program Files\JetBrains\IntelliJ IDEA 2020.1.2\bin -Dfile.encoding=UTF-8 org.codehaus.classworlds.Launcher -Didea.version2020.1.2 clean install

Host: Intel(R) Core(TM) i5-7300U CPU @ 2.60GHz, 4 cores, 7G,  Windows 10 , 64 bit Build 17763 (10.0.17763.1158)
Time: Tue Jun 16 20:52:33 2020 Hora oficial do Brasil elapsed time: 0 seconds (0d 0h 0m 0s)

---------------  T H R E A D  ---------------

Current thread (0x0000023a63332000):  JavaThread "main" [_thread_in_vm, id=9812, stack(0x000000bf0f200000,0x000000bf0f300000)]

Stack: [0x000000bf0f200000,0x000000bf0f300000]
Native frames: (J=compiled Java code, j=interpreted, Vv=VM code, C=native code)
V  [jvm.dll+0x5f840a]
V  [jvm.dll+0x741e4a]
V  [jvm.dll+0x7435ff]
V  [jvm.dll+0x743c43]
V  [jvm.dll+0x20d288]
V  [jvm.dll+0xabea6]
V  [jvm.dll+0xac1fc]
V  [jvm.dll+0x6741ca]
V  [jvm.dll+0x67e1df]
V  [jvm.dll+0x733844]
V  [jvm.dll+0x730093]
V  [jvm.dll+0x328252]
V  [jvm.dll+0x327408]
V  [jvm.dll+0x3273a8]
V  [jvm.dll+0x33617d]
C  0x0000023a6badf2cd

Java frames: (J=compiled Java code, j=interpreted, Vv=VM code)
j  org.codehaus.plexus.DefaultPlexusContainer.<init>(Lorg/codehaus/plexus/ContainerConfiguration;[Lcom/google/inject/Module;)V+61
j  org.apache.maven.cli.MavenCli.container(Lorg/apache/maven/cli/CliRequest;)Lorg/codehaus/plexus/PlexusContainer;+275
j  org.apache.maven.cli.MavenCli.doMain(Lorg/apache/maven/cli/CliRequest;)I+29
j  org.apache.maven.cli.MavenCli.main([Ljava/lang/String;Lorg/codehaus/plexus/classworlds/ClassWorld;)I+24
v  ~StubRoutines::call_stub
j  jdk.internal.reflect.NativeMethodAccessorImpl.invoke0(Ljava/lang/reflect/Method;Ljava/lang/Object;[Ljava/lang/Object;)Ljava/lang/Object;+0 java.base@14.0.1
j  jdk.internal.reflect.NativeMethodAccessorImpl.invoke(Ljava/lang/Object;[Ljava/lang/Object;)Ljava/lang/Object;+100 java.base@14.0.1
j  jdk.internal.reflect.DelegatingMethodAccessorImpl.invoke(Ljava/lang/Object;[Ljava/lang/Object;)Ljava/lang/Object;+6 java.base@14.0.1
j  java.lang.reflect.Method.invoke(Ljava/lang/Object;[Ljava/lang/Object;)Ljava/lang/Object;+59 java.base@14.0.1
j  org.codehaus.plexus.classworlds.launcher.Launcher.launchEnhanced([Ljava/lang/String;)V+45
j  org.codehaus.plexus.classworlds.launcher.Launcher.launch([Ljava/lang/String;)V+2
j  org.codehaus.plexus.classworlds.launcher.Launcher.mainWithExitCode([Ljava/lang/String;)I+101
j  org.codehaus.plexus.classworlds.launcher.Launcher.main([Ljava/lang/String;)V+1
j  org.codehaus.classworlds.Launcher.main([Ljava/lang/String;)V+1
v  ~StubRoutines::call_stub

---------------  P R O C E S S  ---------------

Threads class SMR info:
_java_thread_list=0x0000023a7fab2310, length=12, elements={
0x0000023a63332000, 0x0000023a7f856800, 0x0000023a7f858000, 0x0000023a7f86b000,
0x0000023a7f86e800, 0x0000023a7f86f800, 0x0000023a7f874000, 0x0000023a7f87a800,
0x0000023a7f87c000, 0x0000023a7f837800, 0x0000023a7fb3b800, 0x0000023a7fb3c000
}

Java Threads: ( => current thread )
=>0x0000023a63332000 JavaThread "main" [_thread_in_vm, id=9812, stack(0x000000bf0f200000,0x000000bf0f300000)]
  0x0000023a7f856800 JavaThread "Reference Handler" daemon [_thread_blocked, id=12348, stack(0x000000bf0f900000,0x000000bf0fa00000)]
  0x0000023a7f858000 JavaThread "Finalizer" daemon [_thread_blocked, id=11188, stack(0x000000bf0fa00000,0x000000bf0fb00000)]
  0x0000023a7f86b000 JavaThread "Signal Dispatcher" daemon [_thread_blocked, id=12292, stack(0x000000bf0fb00000,0x000000bf0fc00000)]
  0x0000023a7f86e800 JavaThread "Attach Listener" daemon [_thread_blocked, id=16168, stack(0x000000bf0fc00000,0x000000bf0fd00000)]
  0x0000023a7f86f800 JavaThread "Service Thread" daemon [_thread_blocked, id=12808, stack(0x000000bf0fd00000,0x000000bf0fe00000)]
  0x0000023a7f874000 JavaThread "C2 CompilerThread0" daemon [_thread_in_native, id=11208, stack(0x000000bf0fe00000,0x000000bf0ff00000)]
  0x0000023a7f87a800 JavaThread "C1 CompilerThread0" daemon [_thread_in_native, id=17040, stack(0x000000bf0ff00000,0x000000bf10000000)]
  0x0000023a7f87c000 JavaThread "Sweeper thread" daemon [_thread_blocked, id=3152, stack(0x000000bf10000000,0x000000bf10100000)]
  0x0000023a7f837800 JavaThread "Common-Cleaner" daemon [_thread_blocked, id=12188, stack(0x000000bf10100000,0x000000bf10200000)]
  0x0000023a7fb3b800 JavaThread "Monitor Ctrl-Break" daemon [_thread_in_native, id=5140, stack(0x000000bf10200000,0x000000bf10300000)]
  0x0000023a7fb3c000 JavaThread "Notification Thread" daemon [_thread_blocked, id=16260, stack(0x000000bf10300000,0x000000bf10400000)]

Other Threads:
  0x0000023a7f852800 VMThread "VM Thread" [stack: 0x000000bf0f800000,0x000000bf0f900000] [id=11000]
  0x0000023a7fb3d000 WatcherThread [stack: 0x000000bf10400000,0x000000bf10500000] [id=7112]
  0x0000023a63371800 GCTaskThread "GC Thread#0" [stack: 0x000000bf0f300000,0x000000bf0f400000] [id=17628]
  0x0000023a63383800 ConcurrentGCThread "G1 Main Marker" [stack: 0x000000bf0f400000,0x000000bf0f500000] [id=16212]
  0x0000023a63385800 ConcurrentGCThread "G1 Conc#0" [stack: 0x000000bf0f500000,0x000000bf0f600000] [id=2112]
  0x0000023a633fe000 ConcurrentGCThread "G1 Refine#0" [stack: 0x000000bf0f600000,0x000000bf0f700000] [id=4740]
  0x0000023a7f6c2800 ConcurrentGCThread "G1 Young RemSet Sampling" [stack: 0x000000bf0f700000,0x000000bf0f800000] [id=6516]

Threads with active compile tasks:
C2 CompilerThread0      706  644       4       java.lang.StringBuilder::append (8 bytes)
C1 CompilerThread0      706  660       3       java.net.URLStreamHandler::parseURL (1201 bytes)

VM state:not at safepoint (normal execution)

VM Mutex/Monitor currently owned by a thread: None

Heap address: 0x0000000085c00000, size: 1956 MB, Compressed Oops mode: 32-bit
Narrow klass base: 0x0000000800000000, Narrow klass shift: 3
Compressed class space size: 1073741824 Address: 0x0000000800b30000

Heap:
 garbage-first heap   total 126976K, used 7168K [0x0000000085c00000, 0x0000000100000000)
  region size 1024K, 9 young (9216K), 0 survivors (0K)
 Metaspace       used 3129K, capacity 5752K, committed 6016K, reserved 1060864K
  class space    used 310K, capacity 560K, committed 640K, reserved 1048576K
Heap Regions: E=young(eden), S=young(survivor), O=old, HS=humongous(starts), HC=humongous(continues), CS=collection set, F=free, OA=open archive, CA=closed archive, TAMS=top-at-mark-start (previous, next)
|   0|0x0000000085c00000, 0x0000000085c00000, 0x0000000085d00000|  0%| F|  |TAMS 0x0000000085c00000, 0x0000000085c00000| Untracked 
|   1|0x0000000085d00000, 0x0000000085d00000, 0x0000000085e00000|  0%| F|  |TAMS 0x0000000085d00000, 0x0000000085d00000| Untracked 
|   2|0x0000000085e00000, 0x0000000085e00000, 0x0000000085f00000|  0%| F|  |TAMS 0x0000000085e00000, 0x0000000085e00000| Untracked 
|   3|0x0000000085f00000, 0x0000000085f00000, 0x0000000086000000|  0%| F|  |TAMS 0x0000000085f00000, 0x0000000085f00000| Untracked 
|   4|0x0000000086000000, 0x0000000086000000, 0x0000000086100000|  0%| F|  |TAMS 0x0000000086000000, 0x0000000086000000| Untracked 
|   5|0x0000000086100000, 0x0000000086100000, 0x0000000086200000|  0%| F|  |TAMS 0x0000000086100000, 0x0000000086100000| Untracked 
|   6|0x0000000086200000, 0x0000000086200000, 0x0000000086300000|  0%| F|  |TAMS 0x0000000086200000, 0x0000000086200000| Untracked 
|   7|0x0000000086300000, 0x0000000086300000, 0x0000000086400000|  0%| F|  |TAMS 0x0000000086300000, 0x0000000086300000| Untracked 
|   8|0x0000000086400000, 0x0000000086400000, 0x0000000086500000|  0%| F|  |TAMS 0x0000000086400000, 0x0000000086400000| Untracked 
|   9|0x0000000086500000, 0x0000000086500000, 0x0000000086600000|  0%| F|  |TAMS 0x0000000086500000, 0x0000000086500000| Untracked 
|  10|0x0000000086600000, 0x0000000086600000, 0x0000000086700000|  0%| F|  |TAMS 0x0000000086600000, 0x0000000086600000| Untracked 
|  11|0x0000000086700000, 0x0000000086700000, 0x0000000086800000|  0%| F|  |TAMS 0x0000000086700000, 0x0000000086700000| Untracked 
|  12|0x0000000086800000, 0x0000000086800000, 0x0000000086900000|  0%| F|  |TAMS 0x0000000086800000, 0x0000000086800000| Untracked 
|  13|0x0000000086900000, 0x0000000086900000, 0x0000000086a00000|  0%| F|  |TAMS 0x0000000086900000, 0x0000000086900000| Untracked 
|  14|0x0000000086a00000, 0x0000000086a00000, 0x0000000086b00000|  0%| F|  |TAMS 0x0000000086a00000, 0x0000000086a00000| Untracked 
|  15|0x0000000086b00000, 0x0000000086b00000, 0x0000000086c00000|  0%| F|  |TAMS 0x0000000086b00000, 0x0000000086b00000| Untracked 
|  16|0x0000000086c00000, 0x0000000086c00000, 0x0000000086d00000|  0%| F|  |TAMS 0x0000000086c00000, 0x0000000086c00000| Untracked 
|  17|0x0000000086d00000, 0x0000000086d00000, 0x0000000086e00000|  0%| F|  |TAMS 0x0000000086d00000, 0x0000000086d00000| Untracked 
|  18|0x0000000086e00000, 0x0000000086e00000, 0x0000000086f00000|  0%| F|  |TAMS 0x0000000086e00000, 0x0000000086e00000| Untracked 
|  19|0x0000000086f00000, 0x0000000086f00000, 0x0000000087000000|  0%| F|  |TAMS 0x0000000086f00000, 0x0000000086f00000| Untracked 
|  20|0x0000000087000000, 0x0000000087000000, 0x0000000087100000|  0%| F|  |TAMS 0x0000000087000000, 0x0000000087000000| Untracked 
|  21|0x0000000087100000, 0x0000000087100000, 0x0000000087200000|  0%| F|  |TAMS 0x0000000087100000, 0x0000000087100000| Untracked 
|  22|0x0000000087200000, 0x0000000087200000, 0x0000000087300000|  0%| F|  |TAMS 0x0000000087200000, 0x0000000087200000| Untracked 
|  23|0x0000000087300000, 0x0000000087300000, 0x0000000087400000|  0%| F|  |TAMS 0x0000000087300000, 0x0000000087300000| Untracked 
|  24|0x0000000087400000, 0x0000000087400000, 0x0000000087500000|  0%| F|  |TAMS 0x0000000087400000, 0x0000000087400000| Untracked 
|  25|0x0000000087500000, 0x0000000087500000, 0x0000000087600000|  0%| F|  |TAMS 0x0000000087500000, 0x0000000087500000| Untracked 
|  26|0x0000000087600000, 0x0000000087600000, 0x0000000087700000|  0%| F|  |TAMS 0x0000000087600000, 0x0000000087600000| Untracked 
|  27|0x0000000087700000, 0x0000000087700000, 0x0000000087800000|  0%| F|  |TAMS 0x0000000087700000, 0x0000000087700000| Untracked 
|  28|0x0000000087800000, 0x0000000087800000, 0x0000000087900000|  0%| F|  |TAMS 0x0000000087800000, 0x0000000087800000| Untracked 
|  29|0x0000000087900000, 0x0000000087900000, 0x0000000087a00000|  0%| F|  |TAMS 0x0000000087900000, 0x0000000087900000| Untracked 
|  30|0x0000000087a00000, 0x0000000087a00000, 0x0000000087b00000|  0%| F|  |TAMS 0x0000000087a00000, 0x0000000087a00000| Untracked 
|  31|0x0000000087b00000, 0x0000000087b00000, 0x0000000087c00000|  0%| F|  |TAMS 0x0000000087b00000, 0x0000000087b00000| Untracked 
|  32|0x0000000087c00000, 0x0000000087c00000, 0x0000000087d00000|  0%| F|  |TAMS 0x0000000087c00000, 0x0000000087c00000| Untracked 
|  33|0x0000000087d00000, 0x0000000087d00000, 0x0000000087e00000|  0%| F|  |TAMS 0x0000000087d00000, 0x0000000087d00000| Untracked 
|  34|0x0000000087e00000, 0x0000000087e00000, 0x0000000087f00000|  0%| F|  |TAMS 0x0000000087e00000, 0x0000000087e00000| Untracked 
|  35|0x0000000087f00000, 0x0000000087f00000, 0x0000000088000000|  0%| F|  |TAMS 0x0000000087f00000, 0x0000000087f00000| Untracked 
|  36|0x0000000088000000, 0x0000000088000000, 0x0000000088100000|  0%| F|  |TAMS 0x0000000088000000, 0x0000000088000000| Untracked 
|  37|0x0000000088100000, 0x0000000088100000, 0x0000000088200000|  0%| F|  |TAMS 0x0000000088100000, 0x0000000088100000| Untracked 
|  38|0x0000000088200000, 0x0000000088200000, 0x0000000088300000|  0%| F|  |TAMS 0x0000000088200000, 0x0000000088200000| Untracked 
|  39|0x0000000088300000, 0x0000000088300000, 0x0000000088400000|  0%| F|  |TAMS 0x0000000088300000, 0x0000000088300000| Untracked 
|  40|0x0000000088400000, 0x0000000088400000, 0x0000000088500000|  0%| F|  |TAMS 0x0000000088400000, 0x0000000088400000| Untracked 
|  41|0x0000000088500000, 0x0000000088500000, 0x0000000088600000|  0%| F|  |TAMS 0x0000000088500000, 0x0000000088500000| Untracked 
|  42|0x0000000088600000, 0x0000000088600000, 0x0000000088700000|  0%| F|  |TAMS 0x0000000088600000, 0x0000000088600000| Untracked 
|  43|0x0000000088700000, 0x0000000088700000, 0x0000000088800000|  0%| F|  |TAMS 0x0000000088700000, 0x0000000088700000| Untracked 
|  44|0x0000000088800000, 0x0000000088800000, 0x0000000088900000|  0%| F|  |TAMS 0x0000000088800000, 0x0000000088800000| Untracked 
|  45|0x0000000088900000, 0x0000000088900000, 0x0000000088a00000|  0%| F|  |TAMS 0x0000000088900000, 0x0000000088900000| Untracked 
|  46|0x0000000088a00000, 0x0000000088a00000, 0x0000000088b00000|  0%| F|  |TAMS 0x0000000088a00000, 0x0000000088a00000| Untracked 
|  47|0x0000000088b00000, 0x0000000088b00000, 0x0000000088c00000|  0%| F|  |TAMS 0x0000000088b00000, 0x0000000088b00000| Untracked 
|  48|0x0000000088c00000, 0x0000000088c00000, 0x0000000088d00000|  0%| F|  |TAMS 0x0000000088c00000, 0x0000000088c00000| Untracked 
|  49|0x0000000088d00000, 0x0000000088d00000, 0x0000000088e00000|  0%| F|  |TAMS 0x0000000088d00000, 0x0000000088d00000| Untracked 
|  50|0x0000000088e00000, 0x0000000088e00000, 0x0000000088f00000|  0%| F|  |TAMS 0x0000000088e00000, 0x0000000088e00000| Untracked 
|  51|0x0000000088f00000, 0x0000000088f00000, 0x0000000089000000|  0%| F|  |TAMS 0x0000000088f00000, 0x0000000088f00000| Untracked 
|  52|0x0000000089000000, 0x0000000089000000, 0x0000000089100000|  0%| F|  |TAMS 0x0000000089000000, 0x0000000089000000| Untracked 
|  53|0x0000000089100000, 0x0000000089100000, 0x0000000089200000|  0%| F|  |TAMS 0x0000000089100000, 0x0000000089100000| Untracked 
|  54|0x0000000089200000, 0x0000000089200000, 0x0000000089300000|  0%| F|  |TAMS 0x0000000089200000, 0x0000000089200000| Untracked 
|  55|0x0000000089300000, 0x0000000089300000, 0x0000000089400000|  0%| F|  |TAMS 0x0000000089300000, 0x0000000089300000| Untracked 
|  56|0x0000000089400000, 0x0000000089400000, 0x0000000089500000|  0%| F|  |TAMS 0x0000000089400000, 0x0000000089400000| Untracked 
|  57|0x0000000089500000, 0x0000000089500000, 0x0000000089600000|  0%| F|  |TAMS 0x0000000089500000, 0x0000000089500000| Untracked 
|  58|0x0000000089600000, 0x0000000089600000, 0x0000000089700000|  0%| F|  |TAMS 0x0000000089600000, 0x0000000089600000| Untracked 
|  59|0x0000000089700000, 0x0000000089700000, 0x0000000089800000|  0%| F|  |TAMS 0x0000000089700000, 0x0000000089700000| Untracked 
|  60|0x0000000089800000, 0x0000000089800000, 0x0000000089900000|  0%| F|  |TAMS 0x0000000089800000, 0x0000000089800000| Untracked 
|  61|0x0000000089900000, 0x0000000089900000, 0x0000000089a00000|  0%| F|  |TAMS 0x0000000089900000, 0x0000000089900000| Untracked 
|  62|0x0000000089a00000, 0x0000000089a00000, 0x0000000089b00000|  0%| F|  |TAMS 0x0000000089a00000, 0x0000000089a00000| Untracked 
|  63|0x0000000089b00000, 0x0000000089b00000, 0x0000000089c00000|  0%| F|  |TAMS 0x0000000089b00000, 0x0000000089b00000| Untracked 
|  64|0x0000000089c00000, 0x0000000089c00000, 0x0000000089d00000|  0%| F|  |TAMS 0x0000000089c00000, 0x0000000089c00000| Untracked 
|  65|0x0000000089d00000, 0x0000000089d00000, 0x0000000089e00000|  0%| F|  |TAMS 0x0000000089d00000, 0x0000000089d00000| Untracked 
|  66|0x0000000089e00000, 0x0000000089e00000, 0x0000000089f00000|  0%| F|  |TAMS 0x0000000089e00000, 0x0000000089e00000| Untracked 
|  67|0x0000000089f00000, 0x0000000089f00000, 0x000000008a000000|  0%| F|  |TAMS 0x0000000089f00000, 0x0000000089f00000| Untracked 
|  68|0x000000008a000000, 0x000000008a000000, 0x000000008a100000|  0%| F|  |TAMS 0x000000008a000000, 0x000000008a000000| Untracked 
|  69|0x000000008a100000, 0x000000008a100000, 0x000000008a200000|  0%| F|  |TAMS 0x000000008a100000, 0x000000008a100000| Untracked 
|  70|0x000000008a200000, 0x000000008a200000, 0x000000008a300000|  0%| F|  |TAMS 0x000000008a200000, 0x000000008a200000| Untracked 
|  71|0x000000008a300000, 0x000000008a300000, 0x000000008a400000|  0%| F|  |TAMS 0x000000008a300000, 0x000000008a300000| Untracked 
|  72|0x000000008a400000, 0x000000008a400000, 0x000000008a500000|  0%| F|  |TAMS 0x000000008a400000, 0x000000008a400000| Untracked 
|  73|0x000000008a500000, 0x000000008a500000, 0x000000008a600000|  0%| F|  |TAMS 0x000000008a500000, 0x000000008a500000| Untracked 
|  74|0x000000008a600000, 0x000000008a600000, 0x000000008a700000|  0%| F|  |TAMS 0x000000008a600000, 0x000000008a600000| Untracked 
|  75|0x000000008a700000, 0x000000008a700000, 0x000000008a800000|  0%| F|  |TAMS 0x000000008a700000, 0x000000008a700000| Untracked 
|  76|0x000000008a800000, 0x000000008a800000, 0x000000008a900000|  0%| F|  |TAMS 0x000000008a800000, 0x000000008a800000| Untracked 
|  77|0x000000008a900000, 0x000000008a900000, 0x000000008aa00000|  0%| F|  |TAMS 0x000000008a900000, 0x000000008a900000| Untracked 
|  78|0x000000008aa00000, 0x000000008aa00000, 0x000000008ab00000|  0%| F|  |TAMS 0x000000008aa00000, 0x000000008aa00000| Untracked 
|  79|0x000000008ab00000, 0x000000008ab00000, 0x000000008ac00000|  0%| F|  |TAMS 0x000000008ab00000, 0x000000008ab00000| Untracked 
|  80|0x000000008ac00000, 0x000000008ac00000, 0x000000008ad00000|  0%| F|  |TAMS 0x000000008ac00000, 0x000000008ac00000| Untracked 
|  81|0x000000008ad00000, 0x000000008ad00000, 0x000000008ae00000|  0%| F|  |TAMS 0x000000008ad00000, 0x000000008ad00000| Untracked 
|  82|0x000000008ae00000, 0x000000008ae00000, 0x000000008af00000|  0%| F|  |TAMS 0x000000008ae00000, 0x000000008ae00000| Untracked 
|  83|0x000000008af00000, 0x000000008af00000, 0x000000008b000000|  0%| F|  |TAMS 0x000000008af00000, 0x000000008af00000| Untracked 
|  84|0x000000008b000000, 0x000000008b000000, 0x000000008b100000|  0%| F|  |TAMS 0x000000008b000000, 0x000000008b000000| Untracked 
|  85|0x000000008b100000, 0x000000008b100000, 0x000000008b200000|  0%| F|  |TAMS 0x000000008b100000, 0x000000008b100000| Untracked 
|  86|0x000000008b200000, 0x000000008b200000, 0x000000008b300000|  0%| F|  |TAMS 0x000000008b200000, 0x000000008b200000| Untracked 
|  87|0x000000008b300000, 0x000000008b300000, 0x000000008b400000|  0%| F|  |TAMS 0x000000008b300000, 0x000000008b300000| Untracked 
|  88|0x000000008b400000, 0x000000008b400000, 0x000000008b500000|  0%| F|  |TAMS 0x000000008b400000, 0x000000008b400000| Untracked 
|  89|0x000000008b500000, 0x000000008b500000, 0x000000008b600000|  0%| F|  |TAMS 0x000000008b500000, 0x000000008b500000| Untracked 
|  90|0x000000008b600000, 0x000000008b600000, 0x000000008b700000|  0%| F|  |TAMS 0x000000008b600000, 0x000000008b600000| Untracked 
|  91|0x000000008b700000, 0x000000008b700000, 0x000000008b800000|  0%| F|  |TAMS 0x000000008b700000, 0x000000008b700000| Untracked 
|  92|0x000000008b800000, 0x000000008b800000, 0x000000008b900000|  0%| F|  |TAMS 0x000000008b800000, 0x000000008b800000| Untracked 
|  93|0x000000008b900000, 0x000000008b900000, 0x000000008ba00000|  0%| F|  |TAMS 0x000000008b900000, 0x000000008b900000| Untracked 
|  94|0x000000008ba00000, 0x000000008ba00000, 0x000000008bb00000|  0%| F|  |TAMS 0x000000008ba00000, 0x000000008ba00000| Untracked 
|  95|0x000000008bb00000, 0x000000008bb00000, 0x000000008bc00000|  0%| F|  |TAMS 0x000000008bb00000, 0x000000008bb00000| Untracked 
|  96|0x000000008bc00000, 0x000000008bc00000, 0x000000008bd00000|  0%| F|  |TAMS 0x000000008bc00000, 0x000000008bc00000| Untracked 
|  97|0x000000008bd00000, 0x000000008bd00000, 0x000000008be00000|  0%| F|  |TAMS 0x000000008bd00000, 0x000000008bd00000| Untracked 
|  98|0x000000008be00000, 0x000000008be00000, 0x000000008bf00000|  0%| F|  |TAMS 0x000000008be00000, 0x000000008be00000| Untracked 
|  99|0x000000008bf00000, 0x000000008bf00000, 0x000000008c000000|  0%| F|  |TAMS 0x000000008bf00000, 0x000000008bf00000| Untracked 
| 100|0x000000008c000000, 0x000000008c000000, 0x000000008c100000|  0%| F|  |TAMS 0x000000008c000000, 0x000000008c000000| Untracked 
| 101|0x000000008c100000, 0x000000008c100000, 0x000000008c200000|  0%| F|  |TAMS 0x000000008c100000, 0x000000008c100000| Untracked 
| 102|0x000000008c200000, 0x000000008c200000, 0x000000008c300000|  0%| F|  |TAMS 0x000000008c200000, 0x000000008c200000| Untracked 
| 103|0x000000008c300000, 0x000000008c300000, 0x000000008c400000|  0%| F|  |TAMS 0x000000008c300000, 0x000000008c300000| Untracked 
| 104|0x000000008c400000, 0x000000008c400000, 0x000000008c500000|  0%| F|  |TAMS 0x000000008c400000, 0x000000008c400000| Untracked 
| 105|0x000000008c500000, 0x000000008c500000, 0x000000008c600000|  0%| F|  |TAMS 0x000000008c500000, 0x000000008c500000| Untracked 
| 106|0x000000008c600000, 0x000000008c600000, 0x000000008c700000|  0%| F|  |TAMS 0x000000008c600000, 0x000000008c600000| Untracked 
| 107|0x000000008c700000, 0x000000008c700000, 0x000000008c800000|  0%| F|  |TAMS 0x000000008c700000, 0x000000008c700000| Untracked 
| 108|0x000000008c800000, 0x000000008c800000, 0x000000008c900000|  0%| F|  |TAMS 0x000000008c800000, 0x000000008c800000| Untracked 
| 109|0x000000008c900000, 0x000000008c900000, 0x000000008ca00000|  0%| F|  |TAMS 0x000000008c900000, 0x000000008c900000| Untracked 
| 110|0x000000008ca00000, 0x000000008ca00000, 0x000000008cb00000|  0%| F|  |TAMS 0x000000008ca00000, 0x000000008ca00000| Untracked 
| 111|0x000000008cb00000, 0x000000008cb00000, 0x000000008cc00000|  0%| F|  |TAMS 0x000000008cb00000, 0x000000008cb00000| Untracked 
| 112|0x000000008cc00000, 0x000000008cc00000, 0x000000008cd00000|  0%| F|  |TAMS 0x000000008cc00000, 0x000000008cc00000| Untracked 
| 113|0x000000008cd00000, 0x000000008cd00000, 0x000000008ce00000|  0%| F|  |TAMS 0x000000008cd00000, 0x000000008cd00000| Untracked 
| 114|0x000000008ce00000, 0x000000008ce00000, 0x000000008cf00000|  0%| F|  |TAMS 0x000000008ce00000, 0x000000008ce00000| Untracked 
| 115|0x000000008cf00000, 0x000000008d000000, 0x000000008d000000|100%| E|  |TAMS 0x000000008cf00000, 0x000000008cf00000| Complete 
| 116|0x000000008d000000, 0x000000008d100000, 0x000000008d100000|100%| E|CS|TAMS 0x000000008d000000, 0x000000008d000000| Complete 
| 117|0x000000008d100000, 0x000000008d200000, 0x000000008d200000|100%| E|CS|TAMS 0x000000008d100000, 0x000000008d100000| Complete 
| 118|0x000000008d200000, 0x000000008d300000, 0x000000008d300000|100%| E|CS|TAMS 0x000000008d200000, 0x000000008d200000| Complete 
| 119|0x000000008d300000, 0x000000008d400000, 0x000000008d400000|100%| E|CS|TAMS 0x000000008d300000, 0x000000008d300000| Complete 
| 120|0x000000008d400000, 0x000000008d500000, 0x000000008d500000|100%| E|CS|TAMS 0x000000008d400000, 0x000000008d400000| Complete 
| 121|0x000000008d500000, 0x000000008d600000, 0x000000008d600000|100%| E|  |TAMS 0x000000008d500000, 0x000000008d500000| Complete 
| 122|0x000000008d600000, 0x000000008d700000, 0x000000008d700000|100%| E|CS|TAMS 0x000000008d600000, 0x000000008d600000| Complete 
| 123|0x000000008d700000, 0x000000008d800000, 0x000000008d800000|100%| E|CS|TAMS 0x000000008d700000, 0x000000008d700000| Complete 

Card table byte_map: [0x0000023a7aea0000,0x0000023a7b280000] _byte_map_base: 0x0000023a7aa72000

Marking Bits (Prev, Next): (CMBitMap*) 0x0000023a63373568, (CMBitMap*) 0x0000023a633735a8
 Prev Bits: [0x0000023a7b660000, 0x0000023a7d4f0000)
 Next Bits: [0x0000023a7d4f0000, 0x0000023a7f380000)

Polling page: 0x0000023a61160000

Metaspace:

Usage:
  Non-class:      5.07 MB capacity,     2.75 MB ( 54%) used,     2.31 MB ( 46%) free+waste,     4.63 KB ( <1%) overhead. 
      Class:    560.00 KB capacity,   310.40 KB ( 55%) used,   246.79 KB ( 44%) free+waste,     2.81 KB ( <1%) overhead. 
       Both:      5.62 MB capacity,     3.06 MB ( 54%) used,     2.55 MB ( 45%) free+waste,     7.44 KB ( <1%) overhead. 

Virtual space:
  Non-class space:       12.00 MB reserved,       5.25 MB ( 44%) committed 
      Class space:        1.00 GB reserved,     640.00 KB ( <1%) committed 
             Both:        1.01 GB reserved,       5.88 MB ( <1%) committed 

Chunk freelists:
   Non-Class:  56.00 KB
       Class:  16.00 KB
        Both:  72.00 KB

MaxMetaspaceSize: 17179869184.00 GB
CompressedClassSpaceSize: 1.00 GB

CodeHeap 'non-profiled nmethods': size=120000Kb used=203Kb max_used=203Kb free=119796Kb
 bounds [0x0000023a73590000, 0x0000023a73800000, 0x0000023a7aac0000]
CodeHeap 'profiled nmethods': size=120000Kb used=1110Kb max_used=1110Kb free=118890Kb
 bounds [0x0000023a6c060000, 0x0000023a6c2d0000, 0x0000023a73590000]
CodeHeap 'non-nmethods': size=5760Kb used=1144Kb max_used=1160Kb free=4615Kb
 bounds [0x0000023a6bac0000, 0x0000023a6bd30000, 0x0000023a6c060000]
 total_blobs=1496 nmethods=659 adapters=306
 compilation: enabled
              stopped_count=0, restarted_count=0
 full_count=0

Compilation events (20 events):
Event: 0.599 Thread 0x0000023a7f874000 nmethod 643 0x0000023a735c1510 code [0x0000023a735c1720, 0x0000023a735c1db8]
Event: 0.599 Thread 0x0000023a7f874000  645       4       java.lang.StringLatin1::indexOf (121 bytes)
Event: 0.600 Thread 0x0000023a7f87a800 nmethod 652 0x0000023a6c16f190 code [0x0000023a6c16f500, 0x0000023a6c1712e8]
Event: 0.600 Thread 0x0000023a7f87a800  655       3       java.lang.ClassLoader::checkPackageAccess (102 bytes)
Event: 0.601 Thread 0x0000023a7f87a800 nmethod 655 0x0000023a6c171e90 code [0x0000023a6c172180, 0x0000023a6c173078]
Event: 0.602 Thread 0x0000023a7f87a800  653       3       jdk.internal.loader.ClassLoaders$BootClassLoader::loadClassOrNull (11 bytes)
Event: 0.602 Thread 0x0000023a7f87a800 nmethod 653 0x0000023a6c173690 code [0x0000023a6c173860, 0x0000023a6c173bb8]
Event: 0.602 Thread 0x0000023a7f87a800  654       3       java.lang.System$2::findBootstrapClassOrNull (6 bytes)
Event: 0.602 Thread 0x0000023a7f87a800 nmethod 654 0x0000023a6c173d10 code [0x0000023a6c173ec0, 0x0000023a6c174198]
Event: 0.602 Thread 0x0000023a7f87a800  656       3       java.lang.Exception::<init> (7 bytes)
Event: 0.602 Thread 0x0000023a7f87a800 nmethod 656 0x0000023a6c174290 code [0x0000023a6c174440, 0x0000023a6c174588]
Event: 0.602 Thread 0x0000023a7f87a800  657       3       java.lang.ReflectiveOperationException::<init> (7 bytes)
Event: 0.602 Thread 0x0000023a7f87a800 nmethod 657 0x0000023a6c174610 code [0x0000023a6c1747c0, 0x0000023a6c174968]
Event: 0.605 Thread 0x0000023a7f87a800  658   !   3       java.security.AccessController::doPrivileged (26 bytes)
Event: 0.605 Thread 0x0000023a7f87a800 nmethod 658 0x0000023a6c174a10 code [0x0000023a6c174c20, 0x0000023a6c175128]
Event: 0.607 Thread 0x0000023a7f874000 nmethod 645 0x0000023a735c2110 code [0x0000023a735c22e0, 0x0000023a735c2878]
Event: 0.607 Thread 0x0000023a7f874000  644       4       java.lang.StringBuilder::append (8 bytes)
Event: 0.607 Thread 0x0000023a7f87a800  659       3       sun.net.www.protocol.file.Handler::parseURL (18 bytes)
Event: 0.608 Thread 0x0000023a7f87a800 nmethod 659 0x0000023a6c175390 code [0x0000023a6c175540, 0x0000023a6c1756f8]
Event: 0.608 Thread 0x0000023a7f87a800  660       3       java.net.URLStreamHandler::parseURL (1201 bytes)

GC Heap History (0 events):
No events

Deoptimization events (20 events):
Event: 0.201 Thread 0x0000023a63332000 Uncommon trap: trap_request=0xffffff45 fr.pc=0x0000023a7359ec40 relative=0x0000000000000080
Event: 0.201 Thread 0x0000023a63332000 Uncommon trap: reason=unstable_if action=reinterpret pc=0x0000023a7359ec40 method=java.lang.String.isLatin1()Z @ 10 c2
Event: 0.201 Thread 0x0000023a63332000 DEOPT PACKING pc=0x0000023a7359ec40 sp=0x000000bf0f2fefb0
Event: 0.201 Thread 0x0000023a63332000 DEOPT UNPACKING pc=0x0000023a6bb0912f sp=0x000000bf0f2feef0 mode 2
Event: 0.335 Thread 0x0000023a63332000 DEOPT PACKING pc=0x0000023a6c0b8368 sp=0x000000bf0f2f9350
Event: 0.335 Thread 0x0000023a63332000 DEOPT UNPACKING pc=0x0000023a6bb0964e sp=0x000000bf0f2f87a8 mode 0
Event: 0.379 Thread 0x0000023a63332000 Uncommon trap: trap_request=0xffffff45 fr.pc=0x0000023a7359dd60 relative=0x0000000000000980
Event: 0.379 Thread 0x0000023a63332000 Uncommon trap: reason=unstable_if action=reinterpret pc=0x0000023a7359dd60 method=java.util.HashMap.putVal(ILjava/lang/Object;Ljava/lang/Object;ZZ)Ljava/lang/Object; @ 181 c2
Event: 0.379 Thread 0x0000023a63332000 DEOPT PACKING pc=0x0000023a7359dd60 sp=0x000000bf0f2fba30
Event: 0.379 Thread 0x0000023a63332000 DEOPT UNPACKING pc=0x0000023a6bb0912f sp=0x000000bf0f2fb9d0 mode 2
Event: 0.429 Thread 0x0000023a63332000 DEOPT PACKING pc=0x0000023a6c0d4eb2 sp=0x000000bf0f2fb7a0
Event: 0.429 Thread 0x0000023a63332000 DEOPT UNPACKING pc=0x0000023a6bb0964e sp=0x000000bf0f2fac20 mode 0
Event: 0.562 Thread 0x0000023a63332000 DEOPT PACKING pc=0x0000023a6c09edd1 sp=0x000000bf0f2fe320
Event: 0.562 Thread 0x0000023a63332000 DEOPT UNPACKING pc=0x0000023a6bb0964e sp=0x000000bf0f2fd7e0 mode 0
Event: 0.570 Thread 0x0000023a63332000 DEOPT PACKING pc=0x0000023a6c0e15d5 sp=0x000000bf0f2fe200
Event: 0.570 Thread 0x0000023a63332000 DEOPT UNPACKING pc=0x0000023a6bb0964e sp=0x000000bf0f2fd680 mode 0
Event: 0.593 Thread 0x0000023a63332000 DEOPT PACKING pc=0x0000023a6c0ce8df sp=0x000000bf0f2f9530
Event: 0.593 Thread 0x0000023a63332000 DEOPT UNPACKING pc=0x0000023a6bb0964e sp=0x000000bf0f2f8980 mode 0
Event: 0.603 Thread 0x0000023a63332000 DEOPT PACKING pc=0x0000023a6c0ce8df sp=0x000000bf0f2fd380
Event: 0.603 Thread 0x0000023a63332000 DEOPT UNPACKING pc=0x0000023a6bb0964e sp=0x000000bf0f2fc7f8 mode 0

Classes unloaded (0 events):
No events

Classes redefined (0 events):
No events

Internal exceptions (3 events):
Event: 0.331 Thread 0x0000023a63332000 Exception <a 'java/lang/NoSuchMethodError'{0x000000008d4dd448}: 'int java.lang.invoke.DirectMethodHandle$Holder.invokeSpecialIFC(java.lang.Object, java.lang.Object, int)'> (0x000000008d4dd448) 
thrown [./open/src/hotspot/share/interpreter/linkResolver.cpp, line 766]
Event: 0.386 Thread 0x0000023a63332000 Exception <a 'java/lang/NoSuchMethodError'{0x000000008d3eb000}: 'java.lang.Object java.lang.invoke.DirectMethodHandle$Holder.invokeStaticInit(java.lang.Object, int, int, int, int)'> (0x000000008d3eb000) 
thrown [./open/src/hotspot/share/interpreter/linkResolver.cpp, line 766]
Event: 0.435 Thread 0x0000023a63332000 Exception <a 'java/lang/NoSuchMethodError'{0x000000008d238c60}: 'java.lang.Object java.lang.invoke.DirectMethodHandle$Holder.invokeStaticInit(java.lang.Object, java.lang.Object, int, int, int, int)'> (0x000000008d238c60) 
thrown [./open/src/hotspot/share/interpreter/linkResolver.cpp, line 766]

Events (20 events):
Event: 0.564 loading class java/io/FileReader
Event: 0.564 loading class java/io/FileReader done
Event: 0.568 loading class java/util/regex/Pattern$BnM
Event: 0.568 loading class java/util/regex/Pattern$BnM done
Event: 0.568 loading class java/util/regex/Pattern$SliceS
Event: 0.568 loading class java/util/regex/Pattern$SliceS done
Event: 0.569 loading class java/text/MessageFormat
Event: 0.570 loading class java/text/MessageFormat done
Event: 0.576 loading class java/io/UnsupportedEncodingException
Event: 0.576 loading class java/io/UnsupportedEncodingException done
Event: 0.577 loading class java/io/EOFException
Event: 0.577 loading class java/io/EOFException done
Event: 0.584 loading class java/util/ArrayList$ListItr
Event: 0.584 loading class java/util/ArrayList$ListItr done
Event: 0.587 Executing VM operation: CollectForMetadataAllocation
Event: 0.588 Executing VM operation: CollectForMetadataAllocation done
Event: 0.599 loading class java/lang/TypeNotPresentException
Event: 0.600 loading class java/lang/TypeNotPresentException done
Event: 0.605 loading class java/util/concurrent/atomic/AtomicReference
Event: 0.605 loading class java/util/concurrent/atomic/AtomicReference done


Dynamic libraries:
0x00007ff611e10000 - 0x00007ff611e1d000 	C:\Users\Inmetrics\.jdks\openjdk-14.0.1\bin\java.exe
0x00007fffef8a0000 - 0x00007fffefa8d000 	C:\WINDOWS\SYSTEM32\ntdll.dll
0x00007fffeee80000 - 0x00007fffeef33000 	C:\WINDOWS\System32\KERNEL32.DLL
0x00007fffeb960000 - 0x00007fffebbf5000 	C:\WINDOWS\System32\KERNELBASE.dll
0x00007fffec620000 - 0x00007fffec71a000 	C:\WINDOWS\System32\ucrtbase.dll
0x00007fffe1550000 - 0x00007fffe1568000 	C:\Users\Inmetrics\.jdks\openjdk-14.0.1\bin\jli.dll
0x00007fffe1630000 - 0x00007fffe1645000 	C:\Users\Inmetrics\.jdks\openjdk-14.0.1\bin\VCRUNTIME140.dll
0x00007fffecc00000 - 0x00007fffecd97000 	C:\WINDOWS\System32\USER32.dll
0x00007fffeca70000 - 0x00007fffeca90000 	C:\WINDOWS\System32\win32u.dll
0x00007fffeef50000 - 0x00007fffeef79000 	C:\WINDOWS\System32\GDI32.dll
0x00007fffec820000 - 0x00007fffec9b9000 	C:\WINDOWS\System32\gdi32full.dll
0x00007fffec720000 - 0x00007fffec7c0000 	C:\WINDOWS\System32\msvcp_win.dll
0x00007fffdd680000 - 0x00007fffdd8f9000 	C:\WINDOWS\WinSxS\amd64_microsoft.windows.common-controls_6595b64144ccf1df_6.0.17763.1158_none_de722d88534a897f\COMCTL32.dll
0x00007fffed150000 - 0x00007fffed1ee000 	C:\WINDOWS\System32\msvcrt.dll
0x00007fffee910000 - 0x00007fffeec3c000 	C:\WINDOWS\System32\combase.dll
0x00007fffeef80000 - 0x00007fffef0a2000 	C:\WINDOWS\System32\RPCRT4.dll
0x00007fffec3c0000 - 0x00007fffec43e000 	C:\WINDOWS\System32\bcryptPrimitives.dll
0x00007fffeceb0000 - 0x00007fffecede000 	C:\WINDOWS\System32\IMM32.DLL
0x00007fffd8d30000 - 0x00007fffd8dcb000 	C:\Users\Inmetrics\.jdks\openjdk-14.0.1\bin\msvcp140.dll
0x00007fffb5260000 - 0x00007fffb5d7e000 	C:\Users\Inmetrics\.jdks\openjdk-14.0.1\bin\server\jvm.dll
0x00007fffecda0000 - 0x00007fffece43000 	C:\WINDOWS\System32\ADVAPI32.dll
0x00007fffecf40000 - 0x00007fffecfde000 	C:\WINDOWS\System32\sechost.dll
0x00007fffeef40000 - 0x00007fffeef48000 	C:\WINDOWS\System32\PSAPI.DLL
0x00007fffd7960000 - 0x00007fffd7969000 	C:\WINDOWS\SYSTEM32\WSOCK32.dll
0x00007fffe9050000 - 0x00007fffe9074000 	C:\WINDOWS\SYSTEM32\WINMM.dll
0x00007fffeecc0000 - 0x00007fffeed2d000 	C:\WINDOWS\System32\WS2_32.dll
0x00007fffe90c0000 - 0x00007fffe90ed000 	C:\WINDOWS\SYSTEM32\WINMMBASE.dll
0x00007fffe6fd0000 - 0x00007fffe6fda000 	C:\WINDOWS\SYSTEM32\VERSION.dll
0x00007fffec370000 - 0x00007fffec3ba000 	C:\WINDOWS\System32\cfgmgr32.dll
0x00007fffeb860000 - 0x00007fffeb871000 	C:\WINDOWS\System32\kernel.appcore.dll
0x00007fffe6930000 - 0x00007fffe693a000 	C:\Users\Inmetrics\.jdks\openjdk-14.0.1\bin\jimage.dll
0x00007fffea440000 - 0x00007fffea62d000 	C:\WINDOWS\SYSTEM32\DBGHELP.DLL
0x00007fffd9440000 - 0x00007fffd946a000 	C:\WINDOWS\SYSTEM32\dbgcore.DLL
0x00007fffe1330000 - 0x00007fffe133e000 	C:\Users\Inmetrics\.jdks\openjdk-14.0.1\bin\instrument.dll
0x00007fffe1340000 - 0x00007fffe1365000 	C:\Users\Inmetrics\.jdks\openjdk-14.0.1\bin\java.dll
0x00007fffe1200000 - 0x00007fffe1216000 	C:\Users\Inmetrics\.jdks\openjdk-14.0.1\bin\zip.dll
0x00007fffed410000 - 0x00007fffee904000 	C:\WINDOWS\System32\SHELL32.dll
0x00007fffed0a0000 - 0x00007fffed148000 	C:\WINDOWS\System32\shcore.dll
0x00007fffebc00000 - 0x00007fffec34d000 	C:\WINDOWS\System32\windows.storage.dll
0x00007fffeb880000 - 0x00007fffeb8a4000 	C:\WINDOWS\System32\profapi.dll
0x00007fffeb8d0000 - 0x00007fffeb92d000 	C:\WINDOWS\System32\powrprof.dll
0x00007fffed320000 - 0x00007fffed372000 	C:\WINDOWS\System32\shlwapi.dll
0x00007fffec350000 - 0x00007fffec367000 	C:\WINDOWS\System32\cryptsp.dll
0x00007fffdfc00000 - 0x00007fffdfc19000 	C:\Users\Inmetrics\.jdks\openjdk-14.0.1\bin\net.dll
0x00007fffdf960000 - 0x00007fffdfa52000 	C:\WINDOWS\SYSTEM32\WINHTTP.dll
0x00007fffeb070000 - 0x00007fffeb0d7000 	C:\WINDOWS\system32\mswsock.dll
0x00007fffdf680000 - 0x00007fffdf692000 	C:\Users\Inmetrics\.jdks\openjdk-14.0.1\bin\nio.dll
0x00007fffe6330000 - 0x00007fffe6340000 	C:\Users\Inmetrics\.jdks\openjdk-14.0.1\bin\verify.dll
0x00007fffddf60000 - 0x00007fffddf7a000 	C:\Program Files\JetBrains\IntelliJ IDEA 2020.1.2\bin\breakgen64.dll
0x00007fffeabf0000 - 0x00007fffeac23000 	C:\WINDOWS\system32\rsaenh.dll
0x00007fffeb930000 - 0x00007fffeb956000 	C:\WINDOWS\System32\bcrypt.dll
0x00007fffeb760000 - 0x00007fffeb788000 	C:\WINDOWS\SYSTEM32\USERENV.dll
0x00007fffeb240000 - 0x00007fffeb24c000 	C:\WINDOWS\SYSTEM32\CRYPTBASE.dll
0x00007fffead90000 - 0x00007fffeadcd000 	C:\WINDOWS\SYSTEM32\IPHLPAPI.DLL
0x00007fffed400000 - 0x00007fffed408000 	C:\WINDOWS\System32\NSI.dll
0x00007fffe0010000 - 0x00007fffe0026000 	C:\WINDOWS\SYSTEM32\dhcpcsvc6.DLL
0x00007fffe0120000 - 0x00007fffe013c000 	C:\WINDOWS\SYSTEM32\dhcpcsvc.DLL
0x00007fffeae20000 - 0x00007fffeaee7000 	C:\WINDOWS\SYSTEM32\DNSAPI.dll
0x00007fffdfbf0000 - 0x00007fffdfbfa000 	C:\Users\Inmetrics\AppData\Local\Temp\jansi-1.17.1-18229229617212368189.dll
0x00007fffdf420000 - 0x00007fffdf42a000 	C:\Users\Inmetrics\AppData\Local\Temp\jansi-1.17.1-13308380255751619789.dll

dbghelp: loaded successfully - version: 4.0.5 - missing functions: none
symbol engine: initialized successfully - sym options: 0x614 - pdb path: .;C:\Users\Inmetrics\.jdks\openjdk-14.0.1\bin;C:\WINDOWS\SYSTEM32;C:\WINDOWS\WinSxS\amd64_microsoft.windows.common-controls_6595b64144ccf1df_6.0.17763.1158_none_de722d88534a897f;C:\Users\Inmetrics\.jdks\openjdk-14.0.1\bin\server;C:\Program Files\JetBrains\IntelliJ IDEA 2020.1.2\bin;C:\Users\Inmetrics\AppData\Local\Temp

VM Arguments:
jvm_args: -Dmaven.multiModuleProjectDirectory=C:\Users\Inmetrics\Documents\Estudos\poc-java-selenium -Dmaven.home=C:\Program Files\JetBrains\IntelliJ IDEA 2020.1.2\plugins\maven\lib\maven3 -Dclassworlds.conf=C:\Program Files\JetBrains\IntelliJ IDEA 2020.1.2\plugins\maven\lib\maven3\bin\m2.conf -Dmaven.ext.class.path=C:\Program Files\JetBrains\IntelliJ IDEA 2020.1.2\plugins\maven\lib\maven-event-listener.jar -javaagent:C:\Program Files\JetBrains\IntelliJ IDEA 2020.1.2\lib\idea_rt.jar=52437:C:\Program Files\JetBrains\IntelliJ IDEA 2020.1.2\bin -Dfile.encoding=UTF-8 
java_command: org.codehaus.classworlds.Launcher -Didea.version2020.1.2 clean install
java_class_path (initial): C:\Program Files\JetBrains\IntelliJ IDEA 2020.1.2\plugins\maven\lib\maven3\boot\plexus-classworlds-2.6.0.jar;C:\Program Files\JetBrains\IntelliJ IDEA 2020.1.2\plugins\maven\lib\maven3\boot\plexus-classworlds.license
Launcher Type: SUN_STANDARD

[Global flags]
     intx CICompilerCount                          = 3                                         {product} {ergonomic}
     uint ConcGCThreads                            = 1                                         {product} {ergonomic}
     uint G1ConcRefinementThreads                  = 4                                         {product} {ergonomic}
   size_t G1HeapRegionSize                         = 1048576                                   {product} {ergonomic}
    uintx GCDrainStackTargetSize                   = 64                                        {product} {ergonomic}
   size_t InitialHeapSize                          = 130023424                                 {product} {ergonomic}
   size_t MarkStackSize                            = 4194304                                   {product} {ergonomic}
   size_t MaxHeapSize                              = 2051014656                                {product} {ergonomic}
   size_t MaxNewSize                               = 1229979648                                {product} {ergonomic}
   size_t MinHeapDeltaBytes                        = 1048576                                   {product} {ergonomic}
   size_t MinHeapSize                              = 8388608                                   {product} {ergonomic}
    uintx NonNMethodCodeHeapSize                   = 5832780                                {pd product} {ergonomic}
    uintx NonProfiledCodeHeapSize                  = 122912730                              {pd product} {ergonomic}
    uintx ProfiledCodeHeapSize                     = 122912730                              {pd product} {ergonomic}
    uintx ReservedCodeCacheSize                    = 251658240                              {pd product} {ergonomic}
     bool SegmentedCodeCache                       = true                                      {product} {ergonomic}
   size_t SoftMaxHeapSize                          = 2051014656                             {manageable} {ergonomic}
     bool UseCompressedClassPointers               = true                                 {lp64_product} {ergonomic}
     bool UseCompressedOops                        = true                                 {lp64_product} {ergonomic}
     bool UseG1GC                                  = true                                      {product} {ergonomic}
     bool UseLargePagesIndividualAllocation        = false                                  {pd product} {ergonomic}

Logging:
Log output configuration:
 #0: stdout all=warning uptime,level,tags
 #1: stderr all=off uptime,level,tags

Environment Variables:
PATH=C:\Program Files (x86)\Common Files\Oracle\Java\javapath;C:\ProgramData\Oracle\Java\javapath;C:\WINDOWS\system32;C:\WINDOWS;C:\WINDOWS\System32\Wbem;C:\WINDOWS\System32\WindowsPowerShell\v1.0\;C:\WINDOWS\System32\OpenSSH\;C:\Users\Inmetrics\Documents\Drivers_Navegadores;C:\Program Files\dotnet\;C:\Program Files\Microsoft SQL Server\130\Tools\Binn\;C:\Program Files (x86)\Intel\Intel(R) Management Engine Components\DAL;C:\Program Files\Intel\Intel(R) Management Engine Components\DAL;C:\Program Files\Git\cmd;C:\Ruby26-x64\bin;C:\Users\Inmetrics\AppData\Local\Microsoft\WindowsApps;C:\Program Files (x86)\Sophos\Sophos SSL VPN Client\bin;C:\Tools\Cmder\vendor\git-for-windows\bin;C:\Tools\Cmder\vendor\git-for-windows\usr\bin;C:\Users\Inmetrics\AppData\Local\Programs\Microsoft VS Code\bin
USERNAME=Inmetrics
OS=Windows_NT
PROCESSOR_IDENTIFIER=Intel64 Family 6 Model 142 Stepping 9, GenuineIntel



---------------  S Y S T E M  ---------------

OS: Windows 10 , 64 bit Build 17763 (10.0.17763.1158)
OS uptime: 6 days 14:42 hours

CPU:total 4 (initial active 4) (2 cores per cpu, 2 threads per core) family 6 model 142 stepping 9, cmov, cx8, fxsr, mmx, sse, sse2, sse3, ssse3, sse4.1, sse4.2, popcnt, avx, avx2, aes, clmul, erms, rtm, 3dnowpref, lzcnt, ht, tsc, tscinvbit, bmi1, bmi2, adx, fma

Memory: 4k page, system-wide physical 7819M (1263M free)
TotalPageFile size 7819M (AvailPageFile size 3M)
current process WorkingSet (physical memory assigned to process): 50M, peak: 50M
current process commit charge ("private bytes"): 209M, peak: 209M

vm_info: OpenJDK 64-Bit Server VM (14.0.1+7) for windows-amd64 JRE (14.0.1+7), built on Mar  5 2020 10:30:04 by "mach5one" with MS VC++ 15.9 (VS2017)

END.
