#
# There is insufficient memory for the Java Runtime Environment to continue.
# Native memory allocation (mmap) failed to map 130023424 bytes for Failed to commit area from 0x0000000085c00000 to 0x000000008d800000 of length 130023424.
# Possible reasons:
#   The system is out of physical RAM or swap space
#   The process is running with CompressedOops enabled, and the Java Heap may be blocking the growth of the native heap
# Possible solutions:
#   Reduce memory load on the system
#   Increase physical memory or swap space
#   Check if swap backing store is full
#   Decrease Java heap size (-Xmx/-Xms)
#   Decrease number of Java threads
#   Decrease Java thread stack sizes (-Xss)
#   Set larger code cache with -XX:ReservedCodeCacheSize=
#   JVM is running with Unscaled Compressed Oops mode in which the Java heap is
#     placed in the first 4GB address space. The Java Heap base address is the
#     maximum limit for the native heap growth. Please use -XX:HeapBaseMinAddress
#     to set the Java Heap base and to place the Java Heap above 4GB virtual address.
# This output file may be truncated or incomplete.
#
#  Out of Memory Error (./open/src/hotspot/os/windows/os_windows.cpp:3315), pid=16280, tid=15656
#
# JRE version:  (14.0.1+7) (build )
# Java VM: OpenJDK 64-Bit Server VM (14.0.1+7, mixed mode, sharing, tiered, compressed oops, g1 gc, windows-amd64)
# No core dump will be written. Minidumps are not enabled by default on client versions of Windows
#

---------------  S U M M A R Y ------------

Command Line: C:\Users\Inmetrics\Documents\Estudos\poc-java-selenium\target\surefire\surefirebooter10515432996790902178.jar C:\Users\Inmetrics\Documents\Estudos\poc-java-selenium\target\surefire\surefire11892489246400416112tmp C:\Users\Inmetrics\Documents\Estudos\poc-java-selenium\target\surefire\surefire_03402117423205119442tmp

Host: Intel(R) Core(TM) i5-7300U CPU @ 2.60GHz, 4 cores, 7G,  Windows 10 , 64 bit Build 17763 (10.0.17763.1158)
Time: Tue Jun 16 20:04:17 2020 Hora oficial do Brasil elapsed time: 0 seconds (0d 0h 0m 0s)

---------------  T H R E A D  ---------------

Current thread (0x000001fabc64e000):  JavaThread "Unknown thread" [_thread_in_vm, id=15656, stack(0x000000ed64800000,0x000000ed64900000)]

Stack: [0x000000ed64800000,0x000000ed64900000]
Native frames: (J=compiled Java code, j=interpreted, Vv=VM code, C=native code)
V  [jvm.dll+0x5f840a]
V  [jvm.dll+0x741e4a]
V  [jvm.dll+0x7435ff]
V  [jvm.dll+0x743c43]
V  [jvm.dll+0x20d288]
V  [jvm.dll+0x5f57ba]
V  [jvm.dll+0x5ea615]
V  [jvm.dll+0x2c7e9c]
V  [jvm.dll+0x2c7cd2]
V  [jvm.dll+0x2cdbbc]
V  [jvm.dll+0x313ff8]
V  [jvm.dll+0x313720]
V  [jvm.dll+0x2a092a]
V  [jvm.dll+0x2a1a79]
V  [jvm.dll+0x71f718]
V  [jvm.dll+0x321c44]
V  [jvm.dll+0x700b0c]
V  [jvm.dll+0x392dff]
V  [jvm.dll+0x394e71]
C  [jli.dll+0x523b]
C  [ucrtbase.dll+0x21ffa]
C  [KERNEL32.DLL+0x17974]
C  [ntdll.dll+0x6a271]


---------------  P R O C E S S  ---------------

Threads class SMR info:
_java_thread_list=0x00007fffb5ce3078, length=0, elements={
}

Java Threads: ( => current thread )

Other Threads:
  0x000001fabc68e800 GCTaskThread "GC Thread#0" [stack: 0x000000ed64900000,0x000000ed64a00000] [id=3760]
  0x000001fabc6a0000 ConcurrentGCThread "G1 Main Marker" [stack: 0x000000ed64a00000,0x000000ed64b00000] [id=1192]
  0x000001fabc6a3000 ConcurrentGCThread "G1 Conc#0" [stack: 0x000000ed64b00000,0x000000ed64c00000] [id=16172]

[error occurred during error reporting (printing all threads), id 0xc0000005, EXCEPTION_ACCESS_VIOLATION (0xc0000005) at pc=0x00007fffb5511257]

VM state:not at safepoint (not fully initialized)

VM Mutex/Monitor currently owned by a thread:  ([mutex/lock_event])
[0x000001fabc6491d0] Heap_lock - owner thread: 0x000001fabc64e000

Heap address: 0x0000000085c00000, size: 1956 MB, Compressed Oops mode: 32-bit
Narrow klass base: 0x0000000000000000, Narrow klass shift: 0

GC Heap History (0 events):
No events

Deoptimization events (0 events):
No events

Classes unloaded (0 events):
No events

Classes redefined (0 events):
No events

Internal exceptions (0 events):
No events

Events (2 events):
Event: 0.013 Loaded shared library C:\Users\Inmetrics\.jdks\openjdk-14.0.1\bin\java.dll
Event: 0.013 Loaded shared library C:\Users\Inmetrics\.jdks\openjdk-14.0.1\bin\zip.dll


Dynamic libraries:
0x00007ff611e10000 - 0x00007ff611e1d000 	C:\Users\Inmetrics\.jdks\openjdk-14.0.1\bin\java.exe
0x00007fffef8a0000 - 0x00007fffefa8d000 	C:\WINDOWS\SYSTEM32\ntdll.dll
0x00007fffeee80000 - 0x00007fffeef33000 	C:\WINDOWS\System32\KERNEL32.DLL
0x00007fffeb960000 - 0x00007fffebbf5000 	C:\WINDOWS\System32\KERNELBASE.dll
0x00007fffec620000 - 0x00007fffec71a000 	C:\WINDOWS\System32\ucrtbase.dll
0x00007fffe1630000 - 0x00007fffe1645000 	C:\Users\Inmetrics\.jdks\openjdk-14.0.1\bin\VCRUNTIME140.dll
0x00007fffe1550000 - 0x00007fffe1568000 	C:\Users\Inmetrics\.jdks\openjdk-14.0.1\bin\jli.dll
0x00007fffecc00000 - 0x00007fffecd97000 	C:\WINDOWS\System32\USER32.dll
0x00007fffeca70000 - 0x00007fffeca90000 	C:\WINDOWS\System32\win32u.dll
0x00007fffeef50000 - 0x00007fffeef79000 	C:\WINDOWS\System32\GDI32.dll
0x00007fffdd680000 - 0x00007fffdd8f9000 	C:\WINDOWS\WinSxS\amd64_microsoft.windows.common-controls_6595b64144ccf1df_6.0.17763.1158_none_de722d88534a897f\COMCTL32.dll
0x00007fffec820000 - 0x00007fffec9b9000 	C:\WINDOWS\System32\gdi32full.dll
0x00007fffed150000 - 0x00007fffed1ee000 	C:\WINDOWS\System32\msvcrt.dll
0x00007fffec720000 - 0x00007fffec7c0000 	C:\WINDOWS\System32\msvcp_win.dll
0x00007fffee910000 - 0x00007fffeec3c000 	C:\WINDOWS\System32\combase.dll
0x00007fffeef80000 - 0x00007fffef0a2000 	C:\WINDOWS\System32\RPCRT4.dll
0x00007fffec3c0000 - 0x00007fffec43e000 	C:\WINDOWS\System32\bcryptPrimitives.dll
0x00007fffeceb0000 - 0x00007fffecede000 	C:\WINDOWS\System32\IMM32.DLL
0x00007fffd8d30000 - 0x00007fffd8dcb000 	C:\Users\Inmetrics\.jdks\openjdk-14.0.1\bin\msvcp140.dll
0x00007fffb5260000 - 0x00007fffb5d7e000 	C:\Users\Inmetrics\.jdks\openjdk-14.0.1\bin\server\jvm.dll
0x00007fffecda0000 - 0x00007fffece43000 	C:\WINDOWS\System32\ADVAPI32.dll
0x00007fffecf40000 - 0x00007fffecfde000 	C:\WINDOWS\System32\sechost.dll
0x00007fffeef40000 - 0x00007fffeef48000 	C:\WINDOWS\System32\PSAPI.DLL
0x00007fffe9050000 - 0x00007fffe9074000 	C:\WINDOWS\SYSTEM32\WINMM.dll
0x00007fffe6fd0000 - 0x00007fffe6fda000 	C:\WINDOWS\SYSTEM32\VERSION.dll
0x00007fffe90c0000 - 0x00007fffe90ed000 	C:\WINDOWS\SYSTEM32\winmmbase.dll
0x00007fffec370000 - 0x00007fffec3ba000 	C:\WINDOWS\System32\cfgmgr32.dll
0x00007fffd7960000 - 0x00007fffd7969000 	C:\WINDOWS\SYSTEM32\WSOCK32.dll
0x00007fffeecc0000 - 0x00007fffeed2d000 	C:\WINDOWS\System32\WS2_32.dll
0x00007fffeb860000 - 0x00007fffeb871000 	C:\WINDOWS\System32\kernel.appcore.dll
0x00007fffe6930000 - 0x00007fffe693a000 	C:\Users\Inmetrics\.jdks\openjdk-14.0.1\bin\jimage.dll
0x00007fffea440000 - 0x00007fffea62d000 	C:\WINDOWS\SYSTEM32\DBGHELP.DLL
0x00007fffd9440000 - 0x00007fffd946a000 	C:\WINDOWS\SYSTEM32\dbgcore.DLL
0x00007fffe1340000 - 0x00007fffe1365000 	C:\Users\Inmetrics\.jdks\openjdk-14.0.1\bin\java.dll
0x00007fffe1200000 - 0x00007fffe1216000 	C:\Users\Inmetrics\.jdks\openjdk-14.0.1\bin\zip.dll

dbghelp: loaded successfully - version: 4.0.5 - missing functions: none
symbol engine: initialized successfully - sym options: 0x614 - pdb path: .;C:\Users\Inmetrics\.jdks\openjdk-14.0.1\bin;C:\WINDOWS\SYSTEM32;C:\WINDOWS\WinSxS\amd64_microsoft.windows.common-controls_6595b64144ccf1df_6.0.17763.1158_none_de722d88534a897f;C:\Users\Inmetrics\.jdks\openjdk-14.0.1\bin\server

VM Arguments:
java_command: C:\Users\Inmetrics\Documents\Estudos\poc-java-selenium\target\surefire\surefirebooter10515432996790902178.jar C:\Users\Inmetrics\Documents\Estudos\poc-java-selenium\target\surefire\surefire11892489246400416112tmp C:\Users\Inmetrics\Documents\Estudos\poc-java-selenium\target\surefire\surefire_03402117423205119442tmp
java_class_path (initial): C:\Users\Inmetrics\Documents\Estudos\poc-java-selenium\target\surefire\surefirebooter10515432996790902178.jar
Launcher Type: SUN_STANDARD

[Global flags]
     intx CICompilerCount                          = 3                                         {product} {ergonomic}
     uint ConcGCThreads                            = 1                                         {product} {ergonomic}
     uint G1ConcRefinementThreads                  = 4                                         {product} {ergonomic}
   size_t G1HeapRegionSize                         = 1048576                                   {product} {ergonomic}
    uintx GCDrainStackTargetSize                   = 64                                        {product} {ergonomic}
   size_t InitialHeapSize                          = 130023424                                 {product} {ergonomic}
   size_t MarkStackSize                            = 4194304                                   {product} {ergonomic}
   size_t MaxHeapSize                              = 2051014656                                {product} {ergonomic}
   size_t MinHeapDeltaBytes                        = 1048576                                   {product} {ergonomic}
   size_t MinHeapSize                              = 8388608                                   {product} {ergonomic}
    uintx NonNMethodCodeHeapSize                   = 5832780                                {pd product} {ergonomic}
    uintx NonProfiledCodeHeapSize                  = 122912730                              {pd product} {ergonomic}
    uintx ProfiledCodeHeapSize                     = 122912730                              {pd product} {ergonomic}
    uintx ReservedCodeCacheSize                    = 251658240                              {pd product} {ergonomic}
     bool SegmentedCodeCache                       = true                                      {product} {ergonomic}
   size_t SoftMaxHeapSize                          = 2051014656                             {manageable} {ergonomic}
     bool UseCompressedClassPointers               = true                                 {lp64_product} {ergonomic}
     bool UseCompressedOops                        = true                                 {lp64_product} {ergonomic}
     bool UseG1GC                                  = true                                      {product} {ergonomic}
     bool UseLargePagesIndividualAllocation        = false                                  {pd product} {ergonomic}

Logging:
Log output configuration:
 #0: stdout all=warning uptime,level,tags
 #1: stderr all=off uptime,level,tags

Environment Variables:
PATH=C:\Program Files (x86)\Common Files\Oracle\Java\javapath;C:\ProgramData\Oracle\Java\javapath;C:\WINDOWS\system32;C:\WINDOWS;C:\WINDOWS\System32\Wbem;C:\WINDOWS\System32\WindowsPowerShell\v1.0\;C:\WINDOWS\System32\OpenSSH\;C:\Users\Inmetrics\Documents\Drivers_Navegadores;C:\Program Files\dotnet\;C:\Program Files\Microsoft SQL Server\130\Tools\Binn\;C:\Program Files (x86)\Intel\Intel(R) Management Engine Components\DAL;C:\Program Files\Intel\Intel(R) Management Engine Components\DAL;C:\Program Files\Git\cmd;C:\Ruby26-x64\bin;C:\Users\Inmetrics\AppData\Local\Microsoft\WindowsApps;C:\Program Files (x86)\Sophos\Sophos SSL VPN Client\bin;C:\Tools\Cmder\vendor\git-for-windows\bin;C:\Tools\Cmder\vendor\git-for-windows\usr\bin;C:\Users\Inmetrics\AppData\Local\Programs\Microsoft VS Code\bin
USERNAME=Inmetrics
OS=Windows_NT
PROCESSOR_IDENTIFIER=Intel64 Family 6 Model 142 Stepping 9, GenuineIntel



---------------  S Y S T E M  ---------------

OS: Windows 10 , 64 bit Build 17763 (10.0.17763.1158)
OS uptime: 6 days 13:53 hours

CPU:total 4 (initial active 4) (2 cores per cpu, 2 threads per core) family 6 model 142 stepping 9, cmov, cx8, fxsr, mmx, sse, sse2, sse3, ssse3, sse4.1, sse4.2, popcnt, avx, avx2, aes, clmul, erms, rtm, 3dnowpref, lzcnt, ht, tsc, tscinvbit, bmi1, bmi2, adx, fma

Memory: 4k page, system-wide physical 7819M (1182M free)
TotalPageFile size 7819M (AvailPageFile size 65M)
current process WorkingSet (physical memory assigned to process): 10M, peak: 10M
current process commit charge ("private bytes"): 52M, peak: 176M

vm_info: OpenJDK 64-Bit Server VM (14.0.1+7) for windows-amd64 JRE (14.0.1+7), built on Mar  5 2020 10:30:04 by "mach5one" with MS VC++ 15.9 (VS2017)

END.
